Arguments: 
  /home/clapbat/.nvm/versions/node/v16.15.1/bin/node /home/clapbat/.nvm/versions/node/v16.15.1/bin/yarn test

PATH: 
  ./bin:./node_modules/.bin:/home/clapbat/.nvm/versions/node/v16.15.1/bin:/home/clapbat/.rbenv/shims:/home/clapbat/.rbenv/bin:/home/clapbat/.pyenv/bin:/usr/local/sbin:/usr/local/bin:/usr/sbin:/usr/bin:/sbin:/bin:/usr/games:/usr/local/games:/usr/lib/wsl/lib:/mnt/c/Windows/system32:/mnt/c/Windows:/mnt/c/Windows/System32/Wbem:/mnt/c/Windows/System32/WindowsPowerShell/v1.0/:/mnt/c/Windows/System32/OpenSSH/:/mnt/c/Program Files (x86)/NVIDIA Corporation/PhysX/Common:/mnt/c/Program Files/NVIDIA Corporation/NVIDIA NvDLISR:/mnt/c/WINDOWS/system32:/mnt/c/WINDOWS:/mnt/c/WINDOWS/System32/Wbem:/mnt/c/WINDOWS/System32/WindowsPowerShell/v1.0/:/mnt/c/WINDOWS/System32/OpenSSH/:/mnt/c/Users/ffvs2/AppData/Local/Microsoft/WindowsApps:/mnt/c/Users/ffvs2/AppData/Local/Programs/Microsoft VS Code/bin:/usr/local/sbin

Yarn version: 
  1.22.19

Node version: 
  16.15.1

Platform: 
  linux x64

Trace: 
  SyntaxError: /home/clapbat/code/clapbat/blackout-estudio/package.json: Unexpected token { in JSON at position 63
      at JSON.parse (<anonymous>)
      at /home/clapbat/.nvm/versions/node/v16.15.1/lib/node_modules/yarn/lib/cli.js:1629:59
      at Generator.next (<anonymous>)
      at step (/home/clapbat/.nvm/versions/node/v16.15.1/lib/node_modules/yarn/lib/cli.js:310:30)
      at /home/clapbat/.nvm/versions/node/v16.15.1/lib/node_modules/yarn/lib/cli.js:321:13

npm manifest: 
  {
    "dependencies": {
      "bootstrap": "^5.3.0-alpha1"
    }
  
  }
  
  {
    "name": "my-package",
    "scripts": {
      "build": "babel src -d lib",
      "test": "jest"
    }
  }

yarn manifest: 
  No manifest

Lockfile: 
  # THIS IS AN AUTOGENERATED FILE. DO NOT EDIT THIS FILE DIRECTLY.
  # yarn lockfile v1
